2025-07-15T14:28:20.359+05:30  INFO 3868 --- [inventory-service] [restartedMain] c.n.i.InventoryServiceApplication        : Starting InventoryServiceApplication using Java 17.0.2 with PID 3868 (C:\Users\hparichha\IdeaProjects\FRONTEND + BACKEND\BACKEND\inventoryService\target\classes started by hparichha in C:\Users\hparichha\IdeaProjects\FRONTEND + BACKEND\BACKEND)
2025-07-15T14:28:20.376+05:30  INFO 3868 --- [inventory-service] [restartedMain] c.n.i.InventoryServiceApplication        : No active profile set, falling back to 1 default profile: "default"
2025-07-15T14:28:20.531+05:30  INFO 3868 --- [inventory-service] [restartedMain] .e.DevToolsPropertyDefaultsPostProcessor : Devtools property defaults active! Set 'spring.devtools.add-properties' to 'false' to disable
2025-07-15T14:28:20.531+05:30  INFO 3868 --- [inventory-service] [restartedMain] .e.DevToolsPropertyDefaultsPostProcessor : For additional web related logging consider setting the 'logging.level.web' property to 'DEBUG'
2025-07-15T14:28:22.482+05:30  INFO 3868 --- [inventory-service] [restartedMain] .s.d.r.c.RepositoryConfigurationDelegate : Bootstrapping Spring Data JPA repositories in DEFAULT mode.
2025-07-15T14:28:22.859+05:30  INFO 3868 --- [inventory-service] [restartedMain] .s.d.r.c.RepositoryConfigurationDelegate : Finished Spring Data repository scanning in 355 ms. Found 3 JPA repository interfaces.
2025-07-15T14:28:23.403+05:30  INFO 3868 --- [inventory-service] [restartedMain] o.s.cloud.context.scope.GenericScope     : BeanFactory id=66250fd8-0519-3b93-9512-4824f5b8882b
2025-07-15T14:28:23.679+05:30  WARN 3868 --- [inventory-service] [restartedMain] trationDelegate$BeanPostProcessorChecker : Bean 'org.springframework.cloud.client.loadbalancer.LoadBalancerAutoConfiguration$DeferringLoadBalancerInterceptorConfig' of type [org.springframework.cloud.client.loadbalancer.LoadBalancerAutoConfiguration$DeferringLoadBalancerInterceptorConfig] is not eligible for getting processed by all BeanPostProcessors (for example: not eligible for auto-proxying). The currently created BeanPostProcessor [lbRestClientPostProcessor] is declared through a non-static factory method on that class; consider declaring it as static instead.
2025-07-15T14:28:23.683+05:30  WARN 3868 --- [inventory-service] [restartedMain] trationDelegate$BeanPostProcessorChecker : Bean 'deferringLoadBalancerInterceptor' of type [org.springframework.cloud.client.loadbalancer.DeferringLoadBalancerInterceptor] is not eligible for getting processed by all BeanPostProcessors (for example: not eligible for auto-proxying). Is this bean getting eagerly injected into a currently created BeanPostProcessor [lbRestClientPostProcessor]? Check the corresponding BeanPostProcessor declaration and its dependencies.
2025-07-15T14:28:24.344+05:30  INFO 3868 --- [inventory-service] [restartedMain] o.s.b.w.embedded.tomcat.TomcatWebServer  : Tomcat initialized with port 8082 (http)
2025-07-15T14:28:24.362+05:30  INFO 3868 --- [inventory-service] [restartedMain] o.apache.catalina.core.StandardService   : Starting service [Tomcat]
2025-07-15T14:28:24.363+05:30  INFO 3868 --- [inventory-service] [restartedMain] o.apache.catalina.core.StandardEngine    : Starting Servlet engine: [Apache Tomcat/10.1.16]
2025-07-15T14:28:24.527+05:30  INFO 3868 --- [inventory-service] [restartedMain] o.a.c.c.C.[Tomcat].[localhost].[/]       : Initializing Spring embedded WebApplicationContext
2025-07-15T14:28:24.528+05:30  INFO 3868 --- [inventory-service] [restartedMain] w.s.c.ServletWebServerApplicationContext : Root WebApplicationContext: initialization completed in 3995 ms
2025-07-15T14:28:24.832+05:30  INFO 3868 --- [inventory-service] [restartedMain] o.hibernate.jpa.internal.util.LogHelper  : HHH000204: Processing PersistenceUnitInfo [name: default]
2025-07-15T14:28:24.945+05:30  INFO 3868 --- [inventory-service] [restartedMain] org.hibernate.Version                    : HHH000412: Hibernate ORM core version 6.3.1.Final
2025-07-15T14:28:25.009+05:30  INFO 3868 --- [inventory-service] [restartedMain] o.h.c.internal.RegionFactoryInitiator    : HHH000026: Second-level cache disabled
2025-07-15T14:28:25.392+05:30  INFO 3868 --- [inventory-service] [restartedMain] o.s.o.j.p.SpringPersistenceUnitInfo      : No LoadTimeWeaver setup: ignoring JPA class transformer
2025-07-15T14:28:26.291+05:30  WARN 3868 --- [inventory-service] [restartedMain] org.hibernate.orm.deprecation            : HHH90000025: SQLServerDialect does not need to be specified explicitly using 'hibernate.dialect' (remove the property setting and it will be selected by default)
2025-07-15T14:28:27.549+05:30  INFO 3868 --- [inventory-service] [restartedMain] o.h.e.t.j.p.i.JtaPlatformInitiator       : HHH000489: No JTA platform available (set 'hibernate.transaction.jta.platform' to enable JTA platform integration)
2025-07-15T14:28:27.553+05:30  INFO 3868 --- [inventory-service] [restartedMain] j.LocalContainerEntityManagerFactoryBean : Initialized JPA EntityManagerFactory for persistence unit 'default'
2025-07-15T14:28:28.044+05:30  INFO 3868 --- [inventory-service] [restartedMain] o.s.d.j.r.query.QueryEnhancerFactory     : Hibernate is in classpath; If applicable, HQL parser will be used.
2025-07-15T14:28:28.886+05:30  WARN 3868 --- [inventory-service] [restartedMain] JpaBaseConfiguration$JpaWebConfiguration : spring.jpa.open-in-view is enabled by default. Therefore, database queries may be performed during view rendering. Explicitly configure spring.jpa.open-in-view to disable this warning
2025-07-15T14:28:28.964+05:30  WARN 3868 --- [inventory-service] [restartedMain] .s.s.UserDetailsServiceAutoConfiguration : 

Using generated security password: 81237d15-9f2c-4583-b960-20ba1944750a

This generated password is for development use only. Your security configuration must be updated before running your application in production.

2025-07-15T14:28:29.812+05:30  WARN 3868 --- [inventory-service] [restartedMain] o.s.b.d.a.OptionalLiveReloadServer       : Unable to start LiveReload server
2025-07-15T14:28:31.077+05:30  INFO 3868 --- [inventory-service] [restartedMain] o.s.cloud.commons.util.InetUtils         : Cannot determine local hostname
2025-07-15T14:28:31.139+05:30  INFO 3868 --- [inventory-service] [restartedMain] DiscoveryClientOptionalArgsConfiguration : Eureka HTTP Client uses RestTemplate.
2025-07-15T14:28:32.397+05:30  INFO 3868 --- [inventory-service] [restartedMain] o.s.cloud.commons.util.InetUtils         : Cannot determine local hostname
2025-07-15T14:28:32.502+05:30  WARN 3868 --- [inventory-service] [restartedMain] iguration$LoadBalancerCaffeineWarnLogger : Spring Cloud LoadBalancer is currently working with the default cache. While this cache implementation is useful for development and tests, it's recommended to use Caffeine cache in production.You can switch to using Caffeine cache, by adding it and org.springframework.cache.caffeine.CaffeineCacheManager to the classpath.
2025-07-15T14:28:32.537+05:30  INFO 3868 --- [inventory-service] [restartedMain] o.s.c.n.eureka.InstanceInfoFactory       : Setting initial instance status as: STARTING
2025-07-15T14:28:32.576+05:30  INFO 3868 --- [inventory-service] [restartedMain] com.netflix.discovery.DiscoveryClient    : Initializing Eureka in region us-east-1
2025-07-15T14:28:32.582+05:30  INFO 3868 --- [inventory-service] [restartedMain] c.n.d.s.r.aws.ConfigClusterResolver      : Resolving eureka endpoints via configuration
2025-07-15T14:28:32.597+05:30  INFO 3868 --- [inventory-service] [restartedMain] com.netflix.discovery.DiscoveryClient    : Disable delta property : false
2025-07-15T14:28:32.597+05:30  INFO 3868 --- [inventory-service] [restartedMain] com.netflix.discovery.DiscoveryClient    : Single vip registry refresh property : null
2025-07-15T14:28:32.597+05:30  INFO 3868 --- [inventory-service] [restartedMain] com.netflix.discovery.DiscoveryClient    : Force full registry fetch : false
2025-07-15T14:28:32.597+05:30  INFO 3868 --- [inventory-service] [restartedMain] com.netflix.discovery.DiscoveryClient    : Application is null : false
2025-07-15T14:28:32.597+05:30  INFO 3868 --- [inventory-service] [restartedMain] com.netflix.discovery.DiscoveryClient    : Registered Applications size is zero : true
2025-07-15T14:28:32.597+05:30  INFO 3868 --- [inventory-service] [restartedMain] com.netflix.discovery.DiscoveryClient    : Application version is -1: true
2025-07-15T14:28:32.597+05:30  INFO 3868 --- [inventory-service] [restartedMain] com.netflix.discovery.DiscoveryClient    : Getting all instance registry info from the eureka server
2025-07-15T14:28:33.119+05:30  INFO 3868 --- [inventory-service] [restartedMain] com.netflix.discovery.DiscoveryClient    : The response status is 200
2025-07-15T14:28:33.122+05:30  INFO 3868 --- [inventory-service] [restartedMain] com.netflix.discovery.DiscoveryClient    : Starting heartbeat executor: renew interval is: 30
2025-07-15T14:28:33.125+05:30  INFO 3868 --- [inventory-service] [restartedMain] c.n.discovery.InstanceInfoReplicator     : InstanceInfoReplicator onDemand update allowed rate per min is 4
2025-07-15T14:28:33.128+05:30  INFO 3868 --- [inventory-service] [restartedMain] com.netflix.discovery.DiscoveryClient    : Discovery Client initialized at timestamp 1752569913127 with initial instances count: 1
2025-07-15T14:28:33.132+05:30  INFO 3868 --- [inventory-service] [restartedMain] o.s.c.n.e.s.EurekaServiceRegistry        : Registering application INVENTORY-SERVICE with eureka with status UP
2025-07-15T14:28:33.134+05:30  INFO 3868 --- [inventory-service] [restartedMain] com.netflix.discovery.DiscoveryClient    : Saw local status change event StatusChangeEvent [timestamp=1752569913134, current=UP, previous=STARTING]
2025-07-15T14:28:33.136+05:30  INFO 3868 --- [inventory-service] [DiscoveryClient-InstanceInfoReplicator-%d] com.netflix.discovery.DiscoveryClient    : DiscoveryClient_INVENTORY-SERVICE/localhost:inventory-service:8082: registering service...
2025-07-15T14:28:33.210+05:30  INFO 3868 --- [inventory-service] [restartedMain] o.s.b.w.embedded.tomcat.TomcatWebServer  : Tomcat started on port 8082 (http) with context path ''
2025-07-15T14:28:33.213+05:30  INFO 3868 --- [inventory-service] [restartedMain] .s.c.n.e.s.EurekaAutoServiceRegistration : Updating port to 8082
2025-07-15T14:28:33.224+05:30  INFO 3868 --- [inventory-service] [DiscoveryClient-InstanceInfoReplicator-%d] com.netflix.discovery.DiscoveryClient    : DiscoveryClient_INVENTORY-SERVICE/localhost:inventory-service:8082 - registration status: 204
2025-07-15T14:28:34.479+05:30  INFO 3868 --- [inventory-service] [restartedMain] o.s.cloud.commons.util.InetUtils         : Cannot determine local hostname
2025-07-15T14:28:34.520+05:30  INFO 3868 --- [inventory-service] [restartedMain] c.n.i.InventoryServiceApplication        : Started InventoryServiceApplication in 16.303 seconds (process running for 19.774)
2025-07-15T14:33:32.611+05:30  INFO 3868 --- [inventory-service] [AsyncResolver-bootstrap-executor-%d] c.n.d.s.r.aws.ConfigClusterResolver      : Resolving eureka endpoints via configuration
2025-07-15T14:38:32.625+05:30  INFO 3868 --- [inventory-service] [AsyncResolver-bootstrap-executor-%d] c.n.d.s.r.aws.ConfigClusterResolver      : Resolving eureka endpoints via configuration
2025-07-15T14:39:02.590+05:30  INFO 3868 --- [inventory-service] [http-nio-8082-exec-1] o.a.c.c.C.[Tomcat].[localhost].[/]       : Initializing Spring DispatcherServlet 'dispatcherServlet'
2025-07-15T14:39:02.614+05:30  WARN 3868 --- [inventory-service] [http-nio-8082-exec-1] o.s.w.s.h.HandlerMappingIntrospector     : Cache miss for REQUEST dispatch to '/swagger-ui/index.html' (previous null). Performing CorsConfiguration lookup. This is logged once only at WARN level, and every time at TRACE.
2025-07-15T14:39:02.633+05:30  WARN 3868 --- [inventory-service] [http-nio-8082-exec-1] o.s.w.s.h.HandlerMappingIntrospector     : Cache miss for REQUEST dispatch to '/swagger-ui/index.html' (previous null). Performing MatchableHandlerMapping lookup. This is logged once only at WARN level, and every time at TRACE.
2025-07-15T14:39:04.257+05:30  INFO 3868 --- [inventory-service] [http-nio-8082-exec-8] o.springdoc.api.AbstractOpenApiResource  : Init duration for springdoc-openapi is: 957 ms
2025-07-15T14:43:32.628+05:30  INFO 3868 --- [inventory-service] [AsyncResolver-bootstrap-executor-%d] c.n.d.s.r.aws.ConfigClusterResolver      : Resolving eureka endpoints via configuration
2025-07-15T14:48:32.623+05:30  INFO 3868 --- [inventory-service] [AsyncResolver-bootstrap-executor-%d] c.n.d.s.r.aws.ConfigClusterResolver      : Resolving eureka endpoints via configuration
2025-07-15T14:53:32.637+05:30  INFO 3868 --- [inventory-service] [AsyncResolver-bootstrap-executor-%d] c.n.d.s.r.aws.ConfigClusterResolver      : Resolving eureka endpoints via configuration
2025-07-15T14:58:32.629+05:30  INFO 3868 --- [inventory-service] [AsyncResolver-bootstrap-executor-%d] c.n.d.s.r.aws.ConfigClusterResolver      : Resolving eureka endpoints via configuration
2025-07-15T15:03:32.624+05:30  INFO 3868 --- [inventory-service] [AsyncResolver-bootstrap-executor-%d] c.n.d.s.r.aws.ConfigClusterResolver      : Resolving eureka endpoints via configuration
2025-07-15T15:08:32.633+05:30  INFO 3868 --- [inventory-service] [AsyncResolver-bootstrap-executor-%d] c.n.d.s.r.aws.ConfigClusterResolver      : Resolving eureka endpoints via configuration
