2025-07-15 14:30:15.288 [restartedMain] INFO  [c.o.sprint4.Sprint4Application] - Starting Sprint4Application using Java 17.0.2 with PID 2124 (C:\Users\hparichha\IdeaProjects\FRONTEND + BACKEND\BACKEND\orderservice\target\classes started by hparichha in C:\Users\hparichha\IdeaProjects\FRONTEND + BACKEND\BACKEND)
2025-07-15 14:30:15.315 [restartedMain] INFO  [c.o.sprint4.Sprint4Application] - No active profile set, falling back to 1 default profile: "default"
2025-07-15 14:30:15.473 [restartedMain] INFO  [o.s.b.d.e.DevToolsPropertyDefaultsPostProcessor] - Devtools property defaults active! Set 'spring.devtools.add-properties' to 'false' to disable
2025-07-15 14:30:15.482 [restartedMain] INFO  [o.s.b.d.e.DevToolsPropertyDefaultsPostProcessor] - For additional web related logging consider setting the 'logging.level.web' property to 'DEBUG'
2025-07-15 14:30:18.264 [restartedMain] INFO  [o.s.d.r.c.RepositoryConfigurationDelegate] - Bootstrapping Spring Data JPA repositories in DEFAULT mode.
2025-07-15 14:30:18.815 [restartedMain] INFO  [o.s.d.r.c.RepositoryConfigurationDelegate] - Finished Spring Data repository scanning in 505 ms. Found 4 JPA repository interfaces.
2025-07-15 14:30:19.583 [restartedMain] INFO  [o.s.cloud.context.scope.GenericScope] - BeanFactory id=5365d038-068f-3774-8385-7dd8ff9c79c6
2025-07-15 14:30:23.242 [restartedMain] INFO  [o.s.b.w.e.tomcat.TomcatWebServer] - Tomcat initialized with port 8086 (http)
2025-07-15 14:30:23.268 [restartedMain] INFO  [o.a.catalina.core.StandardService] - Starting service [Tomcat]
2025-07-15 14:30:23.268 [restartedMain] INFO  [o.a.catalina.core.StandardEngine] - Starting Servlet engine: [Apache Tomcat/10.1.31]
2025-07-15 14:30:23.512 [restartedMain] INFO  [o.a.c.c.C.[Tomcat].[localhost].[/]] - Initializing Spring embedded WebApplicationContext
2025-07-15 14:30:23.513 [restartedMain] INFO  [o.s.b.w.s.c.ServletWebServerApplicationContext] - Root WebApplicationContext: initialization completed in 8030 ms
2025-07-15 14:30:23.921 [restartedMain] INFO  [o.h.jpa.internal.util.LogHelper] - HHH000204: Processing PersistenceUnitInfo [name: default]
2025-07-15 14:30:24.048 [restartedMain] INFO  [org.hibernate.Version] - HHH000412: Hibernate ORM core version 6.5.3.Final
2025-07-15 14:30:24.120 [restartedMain] INFO  [o.h.c.i.RegionFactoryInitiator] - HHH000026: Second-level cache disabled
2025-07-15 14:30:24.605 [restartedMain] INFO  [o.s.o.j.p.SpringPersistenceUnitInfo] - No LoadTimeWeaver setup: ignoring JPA class transformer
2025-07-15 14:30:25.481 [restartedMain] WARN  [org.hibernate.orm.deprecation] - HHH90000025: SQLServerDialect does not need to be specified explicitly using 'hibernate.dialect' (remove the property setting and it will be selected by default)
2025-07-15 14:30:27.096 [restartedMain] INFO  [o.h.e.t.j.p.i.JtaPlatformInitiator] - HHH000489: No JTA platform available (set 'hibernate.transaction.jta.platform' to enable JTA platform integration)
2025-07-15 14:30:28.390 [restartedMain] INFO  [o.s.o.j.LocalContainerEntityManagerFactoryBean] - Initialized JPA EntityManagerFactory for persistence unit 'default'
2025-07-15 14:30:28.824 [restartedMain] INFO  [o.s.d.j.r.query.QueryEnhancerFactory] - Hibernate is in classpath; If applicable, HQL parser will be used.
2025-07-15 14:30:29.738 [restartedMain] WARN  [o.s.b.a.o.j.JpaBaseConfiguration$JpaWebConfiguration] - spring.jpa.open-in-view is enabled by default. Therefore, database queries may be performed during view rendering. Explicitly configure spring.jpa.open-in-view to disable this warning
2025-07-15 14:30:30.774 [restartedMain] WARN  [o.s.b.d.a.OptionalLiveReloadServer] - Unable to start LiveReload server
2025-07-15 14:30:32.043 [restartedMain] INFO  [o.s.cloud.commons.util.InetUtils] - Cannot determine local hostname
2025-07-15 14:30:33.319 [restartedMain] INFO  [o.s.cloud.commons.util.InetUtils] - Cannot determine local hostname
2025-07-15 14:30:33.400 [restartedMain] WARN  [o.s.c.l.c.LoadBalancerCacheAutoConfiguration$LoadBalancerCaffeineWarnLogger] - Spring Cloud LoadBalancer is currently working with the default cache. While this cache implementation is useful for development and tests, it's recommended to use Caffeine cache in production.You can switch to using Caffeine cache, by adding it and org.springframework.cache.caffeine.CaffeineCacheManager to the classpath.
2025-07-15 14:30:33.472 [restartedMain] INFO  [c.netflix.discovery.DiscoveryClient] - Initializing Eureka in region us-east-1
2025-07-15 14:30:33.478 [restartedMain] INFO  [c.n.d.s.r.aws.ConfigClusterResolver] - Resolving eureka endpoints via configuration
2025-07-15 14:30:33.493 [restartedMain] INFO  [c.netflix.discovery.DiscoveryClient] - Disable delta property : false
2025-07-15 14:30:33.493 [restartedMain] INFO  [c.netflix.discovery.DiscoveryClient] - Single vip registry refresh property : null
2025-07-15 14:30:33.494 [restartedMain] INFO  [c.netflix.discovery.DiscoveryClient] - Force full registry fetch : false
2025-07-15 14:30:33.494 [restartedMain] INFO  [c.netflix.discovery.DiscoveryClient] - Application is null : false
2025-07-15 14:30:33.494 [restartedMain] INFO  [c.netflix.discovery.DiscoveryClient] - Registered Applications size is zero : true
2025-07-15 14:30:33.494 [restartedMain] INFO  [c.netflix.discovery.DiscoveryClient] - Application version is -1: true
2025-07-15 14:30:33.494 [restartedMain] INFO  [c.netflix.discovery.DiscoveryClient] - Getting all instance registry info from the eureka server
2025-07-15 14:30:34.094 [restartedMain] INFO  [c.netflix.discovery.DiscoveryClient] - The response status is 200
2025-07-15 14:30:34.097 [restartedMain] INFO  [c.netflix.discovery.DiscoveryClient] - Starting heartbeat executor: renew interval is: 30
2025-07-15 14:30:34.100 [restartedMain] INFO  [c.n.discovery.InstanceInfoReplicator] - InstanceInfoReplicator onDemand update allowed rate per min is 4
2025-07-15 14:30:34.103 [restartedMain] INFO  [c.netflix.discovery.DiscoveryClient] - Discovery Client initialized at timestamp 1752570034102 with initial instances count: 5
2025-07-15 14:30:34.109 [restartedMain] INFO  [c.netflix.discovery.DiscoveryClient] - Saw local status change event StatusChangeEvent [timestamp=1752570034108, current=UP, previous=STARTING]
2025-07-15 14:30:34.113 [DiscoveryClient-InstanceInfoReplicator-%d] INFO  [c.netflix.discovery.DiscoveryClient] - DiscoveryClient_SPRINT4/localhost:sprint4:8086: registering service...
2025-07-15 14:30:34.180 [restartedMain] INFO  [o.s.b.w.e.tomcat.TomcatWebServer] - Tomcat started on port 8086 (http) with context path '/'
2025-07-15 14:30:34.190 [DiscoveryClient-InstanceInfoReplicator-%d] INFO  [c.netflix.discovery.DiscoveryClient] - DiscoveryClient_SPRINT4/localhost:sprint4:8086 - registration status: 204
2025-07-15 14:30:35.459 [restartedMain] INFO  [o.s.cloud.commons.util.InetUtils] - Cannot determine local hostname
2025-07-15 14:30:35.511 [restartedMain] INFO  [c.o.sprint4.Sprint4Application] - Started Sprint4Application in 22.409 seconds (process running for 23.773)
